<?xml version="1.0" encoding="UTF-8"?>
<!-- Generated by org.testng.reporters.JUnitReportReporter -->
<testsuite hostname="LAPTOP-0S7ASH95" failures="0" tests="8" name="Test.testfindhospital" time="194.130" errors="0" timestamp="2021-04-28T18:05:58 IST" skipped="0">
  <testcase classname="Test.testfindhospital" name="launchbrowser" time="5.021"/>
  <system-out/>
  <testcase classname="Test.testfindhospital" name="location" time="10.752"/>
  <system-out/>
  <testcase classname="Test.testfindhospital" name="search" time="153.685"/>
  <system-out/>
  <testcase classname="Test.testfindhospital" name="clickondiagostic" time="3.673"/>
  <system-out/>
  <testcase classname="Test.testfindhospital" name="gettopcitieslist" time="1.323"/>
  <system-out/>
  <testcase classname="Test.testfindhospital" name="corporatewellness" time="1.683"/>
  <system-out/>
  <testcase classname="Test.testfindhospital" name="fillup" time="17.648"/>
  <system-out/>
  <testcase classname="Test.testfindhospital" name="quitbrowser" time="0.345"/>
  <system-out/>
</testsuite> <!-- Test.testfindhospital -->
