<?xml version="1.0" encoding="UTF-8"?>
<!-- Generated by org.testng.reporters.JUnitReportReporter -->
<testsuite hostname="DESKTOP-2LDUO3Q" failures="0" tests="1" name="FindingHospitals.FindingHospitals.findhospital" time="6.429" errors="0" timestamp="2021-04-18T09:45:40 IST" skipped="0">
  <testcase classname="FindingHospitals.FindingHospitals.findhospital" name="printlist" time="6.429"/>
  <system-out/>
</testsuite> <!-- FindingHospitals.FindingHospitals.findhospital -->
