<?xml version="1.0" encoding="UTF-8"?>
<!-- Generated by org.testng.reporters.JUnitReportReporter -->
<testsuite hostname="LAPTOP-0S7ASH95" failures="0" tests="4" name="Utilities.createExtent" time="0.019" errors="0" timestamp="2021-04-27T11:24:31 IST" skipped="0">
  <testcase classname="Utilities.createExtent" name="test1" time="0.014"/>
  <system-out/>
  <testcase classname="Utilities.createExtent" name="test2" time="0.002"/>
  <system-out/>
  <testcase classname="Utilities.createExtent" name="test3" time="0.002"/>
  <system-out/>
  <testcase classname="Utilities.createExtent" name="test4" time="0.001"/>
  <system-out/>
</testsuite> <!-- Utilities.createExtent -->
